{"/Users/prakashsingh/Documents/Sweets/Backend/src/app.ts": {"path":"/Users/prakashsingh/Documents/Sweets/Backend/src/app.ts","statementMap":{"0":{"start":{"line":1,"column":0},"end":{"line":1,"column":30}},"1":{"start":{"line":2,"column":0},"end":{"line":2,"column":24}},"2":{"start":{"line":3,"column":0},"end":{"line":3,"column":28}},"3":{"start":{"line":4,"column":0},"end":{"line":4,"column":39}},"4":{"start":{"line":5,"column":0},"end":{"line":5,"column":43}},"5":{"start":{"line":6,"column":0},"end":{"line":6,"column":43}},"6":{"start":{"line":7,"column":0},"end":{"line":7,"column":41}},"7":{"start":{"line":10,"column":0},"end":{"line":10,"column":16}},"8":{"start":{"line":11,"column":12},"end":{"line":11,"column":21}},"9":{"start":{"line":13,"column":0},"end":{"line":16,"column":4}},"10":{"start":{"line":17,"column":0},"end":{"line":17,"column":24}},"11":{"start":{"line":18,"column":0},"end":{"line":18,"column":24}},"12":{"start":{"line":20,"column":0},"end":{"line":20,"column":33}},"13":{"start":{"line":21,"column":0},"end":{"line":21,"column":37}},"14":{"start":{"line":22,"column":0},"end":{"line":22,"column":37}},"15":{"start":{"line":24,"column":0},"end":{"line":27,"column":3}},"16":{"start":{"line":25,"column":4},"end":{"line":25,"column":70}},"17":{"start":{"line":29,"column":0},"end":{"line":29,"column":19}}},"fnMap":{"0":{"name":"(anonymous_1)","decl":{"start":{"line":24,"column":13},"end":{"line":24,"column":15}},"loc":{"start":{"line":24,"column":17},"end":{"line":27,"column":1}}}},"branchMap":{"0":{"loc":{"start":{"line":25,"column":42},"end":{"line":25,"column":66}},"type":"binary-expr","locations":[{"start":{"line":25,"column":42},"end":{"line":25,"column":58}},{"start":{"line":25,"column":62},"end":{"line":25,"column":66}}]}},"s":{"0":4,"1":4,"2":4,"3":4,"4":4,"5":4,"6":4,"7":4,"8":4,"9":4,"10":4,"11":4,"12":4,"13":4,"14":4,"15":4,"16":0,"17":4},"f":{"0":0},"b":{"0":[0,0]}}
,"/Users/prakashsingh/Documents/Sweets/Backend/src/controllers/auth.ts": {"path":"/Users/prakashsingh/Documents/Sweets/Backend/src/controllers/auth.ts","statementMap":{"0":{"start":{"line":2,"column":0},"end":{"line":2,"column":34}},"1":{"start":{"line":3,"column":0},"end":{"line":3,"column":34}},"2":{"start":{"line":4,"column":0},"end":{"line":4,"column":36}},"3":{"start":{"line":5,"column":0},"end":{"line":5,"column":28}},"4":{"start":{"line":6,"column":0},"end":{"line":6,"column":31}},"5":{"start":{"line":9,"column":21},"end":{"line":9,"column":58}},"6":{"start":{"line":11,"column":34},"end":{"line":44,"column":1}},"7":{"start":{"line":12,"column":2},"end":{"line":43,"column":3}},"8":{"start":{"line":13,"column":32},"end":{"line":13,"column":40}},"9":{"start":{"line":15,"column":4},"end":{"line":16,"column":76}},"10":{"start":{"line":16,"column":6},"end":{"line":16,"column":76}},"11":{"start":{"line":18,"column":19},"end":{"line":18,"column":48}},"12":{"start":{"line":19,"column":4},"end":{"line":20,"column":70}},"13":{"start":{"line":20,"column":6},"end":{"line":20,"column":70}},"14":{"start":{"line":22,"column":19},"end":{"line":22,"column":50}},"15":{"start":{"line":24,"column":17},"end":{"line":27,"column":6}},"16":{"start":{"line":29,"column":4},"end":{"line":29,"column":22}},"17":{"start":{"line":31,"column":4},"end":{"line":39,"column":7}},"18":{"start":{"line":41,"column":4},"end":{"line":41,"column":50}},"19":{"start":{"line":42,"column":4},"end":{"line":42,"column":70}},"20":{"start":{"line":11,"column":13},"end":{"line":11,"column":34}},"21":{"start":{"line":46,"column":31},"end":{"line":90,"column":1}},"22":{"start":{"line":47,"column":2},"end":{"line":89,"column":3}},"23":{"start":{"line":48,"column":32},"end":{"line":48,"column":40}},"24":{"start":{"line":49,"column":4},"end":{"line":49,"column":33}},"25":{"start":{"line":51,"column":4},"end":{"line":52,"column":76}},"26":{"start":{"line":52,"column":6},"end":{"line":52,"column":76}},"27":{"start":{"line":54,"column":17},"end":{"line":54,"column":46}},"28":{"start":{"line":55,"column":4},"end":{"line":56,"column":76}},"29":{"start":{"line":56,"column":6},"end":{"line":56,"column":76}},"30":{"start":{"line":58,"column":15},"end":{"line":58,"column":60}},"31":{"start":{"line":59,"column":4},"end":{"line":60,"column":76}},"32":{"start":{"line":60,"column":6},"end":{"line":60,"column":76}},"33":{"start":{"line":62,"column":18},"end":{"line":65,"column":null}},"34":{"start":{"line":69,"column":4},"end":{"line":74,"column":7}},"35":{"start":{"line":76,"column":4},"end":{"line":85,"column":7}},"36":{"start":{"line":87,"column":4},"end":{"line":87,"column":47}},"37":{"start":{"line":88,"column":4},"end":{"line":88,"column":70}},"38":{"start":{"line":46,"column":13},"end":{"line":46,"column":31}},"39":{"start":{"line":92,"column":35},"end":{"line":108,"column":1}},"40":{"start":{"line":93,"column":2},"end":{"line":107,"column":3}},"41":{"start":{"line":95,"column":18},"end":{"line":95,"column":26}},"42":{"start":{"line":96,"column":19},"end":{"line":96,"column":21}},"43":{"start":{"line":98,"column":17},"end":{"line":98,"column":64}},"44":{"start":{"line":99,"column":4},"end":{"line":99,"column":74}},"45":{"start":{"line":99,"column":15},"end":{"line":99,"column":74}},"46":{"start":{"line":101,"column":4},"end":{"line":104,"column":7}},"47":{"start":{"line":106,"column":4},"end":{"line":106,"column":52}},"48":{"start":{"line":92,"column":13},"end":{"line":92,"column":35}},"49":{"start":{"line":110,"column":32},"end":{"line":119,"column":1}},"50":{"start":{"line":111,"column":2},"end":{"line":116,"column":5}},"51":{"start":{"line":118,"column":2},"end":{"line":118,"column":73}},"52":{"start":{"line":110,"column":13},"end":{"line":110,"column":32}},"53":{"start":{"line":121,"column":25},"end":{"line":177,"column":1}},"54":{"start":{"line":122,"column":2},"end":{"line":176,"column":3}},"55":{"start":{"line":123,"column":19},"end":{"line":123,"column":30}},"56":{"start":{"line":124,"column":31},"end":{"line":124,"column":39}},"57":{"start":{"line":126,"column":4},"end":{"line":128,"column":5}},"58":{"start":{"line":127,"column":6},"end":{"line":127,"column":77}},"59":{"start":{"line":131,"column":18},"end":{"line":134,"column":29}},"60":{"start":{"line":136,"column":4},"end":{"line":138,"column":5}},"61":{"start":{"line":137,"column":6},"end":{"line":137,"column":67}},"62":{"start":{"line":140,"column":20},"end":{"line":140,"column":29}},"63":{"start":{"line":141,"column":18},"end":{"line":141,"column":29}},"64":{"start":{"line":144,"column":4},"end":{"line":144,"column":31}},"65":{"start":{"line":145,"column":4},"end":{"line":145,"column":23}},"66":{"start":{"line":147,"column":15},"end":{"line":147,"column":51}},"67":{"start":{"line":149,"column":4},"end":{"line":164,"column":5}},"68":{"start":{"line":150,"column":6},"end":{"line":153,"column":9}},"69":{"start":{"line":155,"column":18},"end":{"line":156,"column":null}},"70":{"start":{"line":156,"column":23},"end":{"line":156,"column":69}},"71":{"start":{"line":159,"column":6},"end":{"line":163,"column":7}},"72":{"start":{"line":160,"column":8},"end":{"line":160,"column":45}},"73":{"start":{"line":162,"column":8},"end":{"line":162,"column":54}},"74":{"start":{"line":166,"column":4},"end":{"line":166,"column":22}},"75":{"start":{"line":168,"column":4},"end":{"line":172,"column":7}},"76":{"start":{"line":175,"column":4},"end":{"line":175,"column":74}},"77":{"start":{"line":121,"column":13},"end":{"line":121,"column":25}},"78":{"start":{"line":179,"column":30},"end":{"line":253,"column":1}},"79":{"start":{"line":180,"column":2},"end":{"line":252,"column":3}},"80":{"start":{"line":181,"column":19},"end":{"line":181,"column":30}},"81":{"start":{"line":182,"column":37},"end":{"line":182,"column":45}},"82":{"start":{"line":184,"column":17},"end":{"line":184,"column":53}},"83":{"start":{"line":185,"column":4},"end":{"line":185,"column":74}},"84":{"start":{"line":185,"column":15},"end":{"line":185,"column":74}},"85":{"start":{"line":187,"column":16},"end":{"line":188,"column":null}},"86":{"start":{"line":188,"column":21},"end":{"line":188,"column":56}},"87":{"start":{"line":190,"column":4},"end":{"line":190,"column":81}},"88":{"start":{"line":190,"column":20},"end":{"line":190,"column":81}},"89":{"start":{"line":192,"column":24},"end":{"line":192,"column":48}},"90":{"start":{"line":194,"column":18},"end":{"line":194,"column":47}},"91":{"start":{"line":195,"column":4},"end":{"line":195,"column":76}},"92":{"start":{"line":195,"column":16},"end":{"line":195,"column":76}},"93":{"start":{"line":200,"column":4},"end":{"line":214,"column":5}},"94":{"start":{"line":202,"column":6},"end":{"line":202,"column":36}},"95":{"start":{"line":203,"column":6},"end":{"line":203,"column":25}},"96":{"start":{"line":206,"column":6},"end":{"line":206,"column":32}},"97":{"start":{"line":207,"column":6},"end":{"line":207,"column":24}},"98":{"start":{"line":209,"column":6},"end":{"line":213,"column":9}},"99":{"start":{"line":220,"column":23},"end":{"line":220,"column":48}},"100":{"start":{"line":223,"column":4},"end":{"line":228,"column":5}},"101":{"start":{"line":224,"column":6},"end":{"line":226,"column":7}},"102":{"start":{"line":225,"column":8},"end":{"line":225,"column":69}},"103":{"start":{"line":227,"column":6},"end":{"line":227,"column":35}},"104":{"start":{"line":231,"column":4},"end":{"line":233,"column":5}},"105":{"start":{"line":232,"column":6},"end":{"line":232,"column":45}},"106":{"start":{"line":235,"column":4},"end":{"line":235,"column":23}},"107":{"start":{"line":238,"column":4},"end":{"line":238,"column":43}},"108":{"start":{"line":239,"column":4},"end":{"line":239,"column":22}},"109":{"start":{"line":241,"column":4},"end":{"line":245,"column":7}},"110":{"start":{"line":248,"column":4},"end":{"line":251,"column":7}},"111":{"start":{"line":179,"column":13},"end":{"line":179,"column":30}},"112":{"start":{"line":255,"column":23},"end":{"line":275,"column":1}},"113":{"start":{"line":256,"column":2},"end":{"line":274,"column":3}},"114":{"start":{"line":257,"column":19},"end":{"line":257,"column":30}},"115":{"start":{"line":259,"column":17},"end":{"line":259,"column":79}},"116":{"start":{"line":260,"column":4},"end":{"line":262,"column":5}},"117":{"start":{"line":261,"column":6},"end":{"line":261,"column":65}},"118":{"start":{"line":264,"column":4},"end":{"line":267,"column":7}},"119":{"start":{"line":270,"column":4},"end":{"line":273,"column":7}},"120":{"start":{"line":255,"column":13},"end":{"line":255,"column":23}}},"fnMap":{"0":{"name":"(anonymous_1)","decl":{"start":{"line":11,"column":34},"end":{"line":11,"column":39}},"loc":{"start":{"line":11,"column":72},"end":{"line":44,"column":1}}},"1":{"name":"(anonymous_2)","decl":{"start":{"line":46,"column":31},"end":{"line":46,"column":36}},"loc":{"start":{"line":46,"column":69},"end":{"line":90,"column":1}}},"2":{"name":"(anonymous_3)","decl":{"start":{"line":92,"column":35},"end":{"line":92,"column":40}},"loc":{"start":{"line":92,"column":73},"end":{"line":108,"column":1}}},"3":{"name":"(anonymous_4)","decl":{"start":{"line":110,"column":32},"end":{"line":110,"column":33}},"loc":{"start":{"line":110,"column":64},"end":{"line":119,"column":1}}},"4":{"name":"(anonymous_5)","decl":{"start":{"line":121,"column":25},"end":{"line":121,"column":30}},"loc":{"start":{"line":121,"column":67},"end":{"line":177,"column":1}}},"5":{"name":"(anonymous_6)","decl":{"start":{"line":156,"column":8},"end":{"line":156,"column":9}},"loc":{"start":{"line":156,"column":23},"end":{"line":156,"column":69}}},"6":{"name":"(anonymous_7)","decl":{"start":{"line":179,"column":30},"end":{"line":179,"column":35}},"loc":{"start":{"line":179,"column":72},"end":{"line":253,"column":1}}},"7":{"name":"(anonymous_8)","decl":{"start":{"line":188,"column":6},"end":{"line":188,"column":7}},"loc":{"start":{"line":188,"column":21},"end":{"line":188,"column":56}}},"8":{"name":"(anonymous_9)","decl":{"start":{"line":255,"column":23},"end":{"line":255,"column":28}},"loc":{"start":{"line":255,"column":65},"end":{"line":275,"column":1}}}},"branchMap":{"0":{"loc":{"start":{"line":15,"column":4},"end":{"line":16,"column":76}},"type":"if","locations":[{"start":{"line":15,"column":4},"end":{"line":16,"column":76}}]},"1":{"loc":{"start":{"line":15,"column":8},"end":{"line":15,"column":27}},"type":"binary-expr","locations":[{"start":{"line":15,"column":8},"end":{"line":15,"column":14}},{"start":{"line":15,"column":18},"end":{"line":15,"column":27}}]},"2":{"loc":{"start":{"line":19,"column":4},"end":{"line":20,"column":70}},"type":"if","locations":[{"start":{"line":19,"column":4},"end":{"line":20,"column":70}}]},"3":{"loc":{"start":{"line":51,"column":4},"end":{"line":52,"column":76}},"type":"if","locations":[{"start":{"line":51,"column":4},"end":{"line":52,"column":76}}]},"4":{"loc":{"start":{"line":51,"column":8},"end":{"line":51,"column":27}},"type":"binary-expr","locations":[{"start":{"line":51,"column":8},"end":{"line":51,"column":14}},{"start":{"line":51,"column":18},"end":{"line":51,"column":27}}]},"5":{"loc":{"start":{"line":55,"column":4},"end":{"line":56,"column":76}},"type":"if","locations":[{"start":{"line":55,"column":4},"end":{"line":56,"column":76}}]},"6":{"loc":{"start":{"line":59,"column":4},"end":{"line":60,"column":76}},"type":"if","locations":[{"start":{"line":59,"column":4},"end":{"line":60,"column":76}}]},"7":{"loc":{"start":{"line":99,"column":4},"end":{"line":99,"column":74}},"type":"if","locations":[{"start":{"line":99,"column":4},"end":{"line":99,"column":74}}]},"8":{"loc":{"start":{"line":126,"column":4},"end":{"line":128,"column":5}},"type":"if","locations":[{"start":{"line":126,"column":4},"end":{"line":128,"column":5}}]},"9":{"loc":{"start":{"line":126,"column":8},"end":{"line":126,"column":26}},"type":"binary-expr","locations":[{"start":{"line":126,"column":8},"end":{"line":126,"column":13}},{"start":{"line":126,"column":17},"end":{"line":126,"column":26}}]},"10":{"loc":{"start":{"line":136,"column":4},"end":{"line":138,"column":5}},"type":"if","locations":[{"start":{"line":136,"column":4},"end":{"line":138,"column":5}}]},"11":{"loc":{"start":{"line":149,"column":4},"end":{"line":164,"column":5}},"type":"if","locations":[{"start":{"line":149,"column":4},"end":{"line":164,"column":5}},{"start":{"line":154,"column":11},"end":{"line":164,"column":5}}]},"12":{"loc":{"start":{"line":159,"column":6},"end":{"line":163,"column":7}},"type":"if","locations":[{"start":{"line":159,"column":6},"end":{"line":163,"column":7}},{"start":{"line":161,"column":13},"end":{"line":163,"column":7}}]},"13":{"loc":{"start":{"line":185,"column":4},"end":{"line":185,"column":74}},"type":"if","locations":[{"start":{"line":185,"column":4},"end":{"line":185,"column":74}}]},"14":{"loc":{"start":{"line":190,"column":4},"end":{"line":190,"column":81}},"type":"if","locations":[{"start":{"line":190,"column":4},"end":{"line":190,"column":81}}]},"15":{"loc":{"start":{"line":195,"column":4},"end":{"line":195,"column":76}},"type":"if","locations":[{"start":{"line":195,"column":4},"end":{"line":195,"column":76}}]},"16":{"loc":{"start":{"line":200,"column":4},"end":{"line":214,"column":5}},"type":"if","locations":[{"start":{"line":200,"column":4},"end":{"line":214,"column":5}}]},"17":{"loc":{"start":{"line":223,"column":4},"end":{"line":228,"column":5}},"type":"if","locations":[{"start":{"line":223,"column":4},"end":{"line":228,"column":5}}]},"18":{"loc":{"start":{"line":224,"column":6},"end":{"line":226,"column":7}},"type":"if","locations":[{"start":{"line":224,"column":6},"end":{"line":226,"column":7}}]},"19":{"loc":{"start":{"line":231,"column":4},"end":{"line":233,"column":5}},"type":"if","locations":[{"start":{"line":231,"column":4},"end":{"line":233,"column":5}}]},"20":{"loc":{"start":{"line":260,"column":4},"end":{"line":262,"column":5}},"type":"if","locations":[{"start":{"line":260,"column":4},"end":{"line":262,"column":5}}]}},"s":{"0":4,"1":4,"2":4,"3":4,"4":4,"5":4,"6":4,"7":4,"8":4,"9":4,"10":1,"11":3,"12":3,"13":0,"14":3,"15":3,"16":3,"17":3,"18":0,"19":0,"20":4,"21":4,"22":3,"23":3,"24":3,"25":3,"26":0,"27":3,"28":3,"29":0,"30":3,"31":3,"32":0,"33":3,"34":3,"35":3,"36":0,"37":0,"38":4,"39":4,"40":0,"41":0,"42":0,"43":0,"44":0,"45":0,"46":0,"47":0,"48":4,"49":4,"50":0,"51":0,"52":4,"53":4,"54":2,"55":2,"56":2,"57":2,"58":0,"59":2,"60":2,"61":0,"62":2,"63":2,"64":2,"65":2,"66":2,"67":2,"68":2,"69":0,"70":0,"71":0,"72":0,"73":0,"74":2,"75":2,"76":0,"77":4,"78":4,"79":0,"80":0,"81":0,"82":0,"83":0,"84":0,"85":0,"86":0,"87":0,"88":0,"89":0,"90":0,"91":0,"92":0,"93":0,"94":0,"95":0,"96":0,"97":0,"98":0,"99":0,"100":0,"101":0,"102":0,"103":0,"104":0,"105":0,"106":0,"107":0,"108":0,"109":0,"110":0,"111":4,"112":4,"113":1,"114":1,"115":1,"116":1,"117":0,"118":1,"119":0,"120":4},"f":{"0":4,"1":3,"2":0,"3":0,"4":2,"5":0,"6":0,"7":0,"8":1},"b":{"0":[1],"1":[4,3],"2":[0],"3":[0],"4":[3,3],"5":[0],"6":[0],"7":[0],"8":[0],"9":[2,2],"10":[0],"11":[2,0],"12":[0,0],"13":[0],"14":[0],"15":[0],"16":[0],"17":[0],"18":[0],"19":[0],"20":[0]}}
,"/Users/prakashsingh/Documents/Sweets/Backend/src/controllers/orders.ts": {"path":"/Users/prakashsingh/Documents/Sweets/Backend/src/controllers/orders.ts","statementMap":{"0":{"start":{"line":2,"column":0},"end":{"line":2,"column":36}},"1":{"start":{"line":3,"column":0},"end":{"line":3,"column":34}},"2":{"start":{"line":7,"column":26},"end":{"line":42,"column":1}},"3":{"start":{"line":8,"column":2},"end":{"line":41,"column":3}},"4":{"start":{"line":9,"column":19},"end":{"line":9,"column":30}},"5":{"start":{"line":11,"column":22},"end":{"line":11,"column":58}},"6":{"start":{"line":12,"column":4},"end":{"line":14,"column":5}},"7":{"start":{"line":13,"column":6},"end":{"line":13,"column":64}},"8":{"start":{"line":16,"column":18},"end":{"line":20,"column":7}},"9":{"start":{"line":16,"column":55},"end":{"line":20,"column":6}},"10":{"start":{"line":22,"column":24},"end":{"line":22,"column":93}},"11":{"start":{"line":22,"column":61},"end":{"line":22,"column":89}},"12":{"start":{"line":24,"column":18},"end":{"line":31,"column":6}},"13":{"start":{"line":34,"column":4},"end":{"line":34,"column":20}},"14":{"start":{"line":35,"column":4},"end":{"line":35,"column":22}},"15":{"start":{"line":37,"column":4},"end":{"line":37,"column":58}},"16":{"start":{"line":39,"column":4},"end":{"line":39,"column":53}},"17":{"start":{"line":40,"column":4},"end":{"line":40,"column":86}},"18":{"start":{"line":7,"column":13},"end":{"line":7,"column":26}},"19":{"start":{"line":45,"column":25},"end":{"line":70,"column":1}},"20":{"start":{"line":46,"column":2},"end":{"line":69,"column":3}},"21":{"start":{"line":47,"column":19},"end":{"line":47,"column":30}},"22":{"start":{"line":48,"column":35},"end":{"line":48,"column":51}},"23":{"start":{"line":50,"column":24},"end":{"line":50,"column":40}},"24":{"start":{"line":52,"column":4},"end":{"line":61,"column":5}},"25":{"start":{"line":53,"column":6},"end":{"line":53,"column":28}},"26":{"start":{"line":54,"column":6},"end":{"line":54,"column":65}},"27":{"start":{"line":54,"column":21},"end":{"line":54,"column":65}},"28":{"start":{"line":55,"column":6},"end":{"line":60,"column":7}},"29":{"start":{"line":57,"column":19},"end":{"line":57,"column":36}},"30":{"start":{"line":58,"column":8},"end":{"line":58,"column":37}},"31":{"start":{"line":59,"column":8},"end":{"line":59,"column":35}},"32":{"start":{"line":63,"column":19},"end":{"line":63,"column":93}},"33":{"start":{"line":65,"column":4},"end":{"line":65,"column":47}},"34":{"start":{"line":67,"column":4},"end":{"line":67,"column":52}},"35":{"start":{"line":68,"column":4},"end":{"line":68,"column":86}},"36":{"start":{"line":45,"column":13},"end":{"line":45,"column":25}},"37":{"start":{"line":73,"column":28},"end":{"line":93,"column":1}},"38":{"start":{"line":74,"column":2},"end":{"line":92,"column":3}},"39":{"start":{"line":75,"column":35},"end":{"line":75,"column":51}},"40":{"start":{"line":76,"column":24},"end":{"line":76,"column":26}},"41":{"start":{"line":77,"column":4},"end":{"line":85,"column":5}},"42":{"start":{"line":78,"column":6},"end":{"line":78,"column":28}},"43":{"start":{"line":79,"column":6},"end":{"line":79,"column":65}},"44":{"start":{"line":79,"column":21},"end":{"line":79,"column":65}},"45":{"start":{"line":80,"column":6},"end":{"line":84,"column":7}},"46":{"start":{"line":81,"column":19},"end":{"line":81,"column":36}},"47":{"start":{"line":82,"column":8},"end":{"line":82,"column":37}},"48":{"start":{"line":83,"column":8},"end":{"line":83,"column":35}},"49":{"start":{"line":87,"column":19},"end":{"line":87,"column":93}},"50":{"start":{"line":88,"column":4},"end":{"line":88,"column":47}},"51":{"start":{"line":90,"column":4},"end":{"line":90,"column":56}},"52":{"start":{"line":91,"column":4},"end":{"line":91,"column":86}},"53":{"start":{"line":73,"column":13},"end":{"line":73,"column":28}}},"fnMap":{"0":{"name":"(anonymous_1)","decl":{"start":{"line":7,"column":26},"end":{"line":7,"column":31}},"loc":{"start":{"line":7,"column":68},"end":{"line":42,"column":1}}},"1":{"name":"(anonymous_2)","decl":{"start":{"line":16,"column":41},"end":{"line":16,"column":42}},"loc":{"start":{"line":16,"column":55},"end":{"line":20,"column":6}}},"2":{"name":"(anonymous_3)","decl":{"start":{"line":22,"column":37},"end":{"line":22,"column":38}},"loc":{"start":{"line":22,"column":61},"end":{"line":22,"column":89}}},"3":{"name":"(anonymous_4)","decl":{"start":{"line":45,"column":25},"end":{"line":45,"column":30}},"loc":{"start":{"line":45,"column":67},"end":{"line":70,"column":1}}},"4":{"name":"(anonymous_5)","decl":{"start":{"line":73,"column":28},"end":{"line":73,"column":33}},"loc":{"start":{"line":73,"column":66},"end":{"line":93,"column":1}}}},"branchMap":{"0":{"loc":{"start":{"line":12,"column":4},"end":{"line":14,"column":5}},"type":"if","locations":[{"start":{"line":12,"column":4},"end":{"line":14,"column":5}}]},"1":{"loc":{"start":{"line":12,"column":8},"end":{"line":12,"column":55}},"type":"binary-expr","locations":[{"start":{"line":12,"column":8},"end":{"line":12,"column":13}},{"start":{"line":12,"column":17},"end":{"line":12,"column":28}},{"start":{"line":12,"column":32},"end":{"line":12,"column":55}}]},"2":{"loc":{"start":{"line":16,"column":19},"end":{"line":16,"column":35}},"type":"binary-expr","locations":[{"start":{"line":16,"column":19},"end":{"line":16,"column":29}},{"start":{"line":16,"column":33},"end":{"line":16,"column":35}}]},"3":{"loc":{"start":{"line":29,"column":21},"end":{"line":29,"column":52}},"type":"binary-expr","locations":[{"start":{"line":29,"column":21},"end":{"line":29,"column":43}},{"start":{"line":29,"column":47},"end":{"line":29,"column":52}}]},"4":{"loc":{"start":{"line":30,"column":21},"end":{"line":30,"column":56}},"type":"binary-expr","locations":[{"start":{"line":30,"column":21},"end":{"line":30,"column":43}},{"start":{"line":30,"column":47},"end":{"line":30,"column":56}}]},"5":{"loc":{"start":{"line":52,"column":4},"end":{"line":61,"column":5}},"type":"if","locations":[{"start":{"line":52,"column":4},"end":{"line":61,"column":5}}]},"6":{"loc":{"start":{"line":52,"column":8},"end":{"line":52,"column":28}},"type":"binary-expr","locations":[{"start":{"line":52,"column":8},"end":{"line":52,"column":17}},{"start":{"line":52,"column":21},"end":{"line":52,"column":28}}]},"7":{"loc":{"start":{"line":54,"column":6},"end":{"line":54,"column":65}},"type":"if","locations":[{"start":{"line":54,"column":6},"end":{"line":54,"column":65}}]},"8":{"loc":{"start":{"line":55,"column":6},"end":{"line":60,"column":7}},"type":"if","locations":[{"start":{"line":55,"column":6},"end":{"line":60,"column":7}}]},"9":{"loc":{"start":{"line":77,"column":4},"end":{"line":85,"column":5}},"type":"if","locations":[{"start":{"line":77,"column":4},"end":{"line":85,"column":5}}]},"10":{"loc":{"start":{"line":77,"column":8},"end":{"line":77,"column":28}},"type":"binary-expr","locations":[{"start":{"line":77,"column":8},"end":{"line":77,"column":17}},{"start":{"line":77,"column":21},"end":{"line":77,"column":28}}]},"11":{"loc":{"start":{"line":79,"column":6},"end":{"line":79,"column":65}},"type":"if","locations":[{"start":{"line":79,"column":6},"end":{"line":79,"column":65}}]},"12":{"loc":{"start":{"line":80,"column":6},"end":{"line":84,"column":7}},"type":"if","locations":[{"start":{"line":80,"column":6},"end":{"line":84,"column":7}}]}},"s":{"0":4,"1":4,"2":4,"3":2,"4":2,"5":2,"6":2,"7":0,"8":2,"9":2,"10":2,"11":2,"12":2,"13":2,"14":2,"15":2,"16":0,"17":0,"18":4,"19":4,"20":1,"21":1,"22":1,"23":1,"24":1,"25":0,"26":0,"27":0,"28":0,"29":0,"30":0,"31":0,"32":1,"33":1,"34":0,"35":0,"36":4,"37":4,"38":0,"39":0,"40":0,"41":0,"42":0,"43":0,"44":0,"45":0,"46":0,"47":0,"48":0,"49":0,"50":0,"51":0,"52":0,"53":4},"f":{"0":2,"1":2,"2":2,"3":1,"4":0},"b":{"0":[0],"1":[2,2,2],"2":[2,0],"3":[2,1],"4":[2,2],"5":[0],"6":[1,1],"7":[0],"8":[0],"9":[0],"10":[0,0],"11":[0],"12":[0]}}
,"/Users/prakashsingh/Documents/Sweets/Backend/src/controllers/sweets.ts": {"path":"/Users/prakashsingh/Documents/Sweets/Backend/src/controllers/sweets.ts","statementMap":{"0":{"start":{"line":2,"column":0},"end":{"line":2,"column":36}},"1":{"start":{"line":3,"column":0},"end":{"line":3,"column":31}},"2":{"start":{"line":9,"column":27},"end":{"line":55,"column":1}},"3":{"start":{"line":10,"column":2},"end":{"line":54,"column":3}},"4":{"start":{"line":11,"column":71},"end":{"line":11,"column":79}},"5":{"start":{"line":12,"column":4},"end":{"line":12,"column":43}},"6":{"start":{"line":15,"column":4},"end":{"line":17,"column":5}},"7":{"start":{"line":16,"column":6},"end":{"line":16,"column":89}},"8":{"start":{"line":22,"column":18},"end":{"line":22,"column":35}},"9":{"start":{"line":23,"column":4},"end":{"line":28,"column":5}},"10":{"start":{"line":24,"column":27},"end":{"line":24,"column":80}},"11":{"start":{"line":25,"column":6},"end":{"line":25,"column":26}},"12":{"start":{"line":27,"column":6},"end":{"line":27,"column":79}},"13":{"start":{"line":31,"column":18},"end":{"line":39,"column":6}},"14":{"start":{"line":42,"column":4},"end":{"line":42,"column":23}},"15":{"start":{"line":44,"column":4},"end":{"line":47,"column":7}},"16":{"start":{"line":49,"column":4},"end":{"line":49,"column":48}},"17":{"start":{"line":50,"column":4},"end":{"line":53,"column":7}},"18":{"start":{"line":9,"column":13},"end":{"line":9,"column":27}},"19":{"start":{"line":58,"column":26},"end":{"line":103,"column":1}},"20":{"start":{"line":59,"column":2},"end":{"line":102,"column":3}},"21":{"start":{"line":60,"column":17},"end":{"line":60,"column":30}},"22":{"start":{"line":61,"column":4},"end":{"line":61,"column":54}},"23":{"start":{"line":64,"column":4},"end":{"line":71,"column":5}},"24":{"start":{"line":65,"column":21},"end":{"line":65,"column":39}},"25":{"start":{"line":66,"column":6},"end":{"line":70,"column":9}},"26":{"start":{"line":74,"column":19},"end":{"line":87,"column":6}},"27":{"start":{"line":88,"column":4},"end":{"line":88,"column":43}},"28":{"start":{"line":90,"column":4},"end":{"line":94,"column":7}},"29":{"start":{"line":97,"column":4},"end":{"line":97,"column":57}},"30":{"start":{"line":98,"column":4},"end":{"line":101,"column":7}},"31":{"start":{"line":58,"column":13},"end":{"line":58,"column":26}},"32":{"start":{"line":105,"column":28},"end":{"line":115,"column":1}},"33":{"start":{"line":106,"column":49},"end":{"line":106,"column":65}},"34":{"start":{"line":107,"column":17},"end":{"line":107,"column":19}},"35":{"start":{"line":108,"column":2},"end":{"line":108,"column":53}},"36":{"start":{"line":108,"column":12},"end":{"line":108,"column":53}},"37":{"start":{"line":109,"column":2},"end":{"line":109,"column":38}},"38":{"start":{"line":109,"column":16},"end":{"line":109,"column":38}},"39":{"start":{"line":110,"column":2},"end":{"line":110,"column":41}},"40":{"start":{"line":110,"column":28},"end":{"line":110,"column":41}},"41":{"start":{"line":111,"column":2},"end":{"line":111,"column":48}},"42":{"start":{"line":111,"column":16},"end":{"line":111,"column":48}},"43":{"start":{"line":112,"column":2},"end":{"line":112,"column":48}},"44":{"start":{"line":112,"column":16},"end":{"line":112,"column":48}},"45":{"start":{"line":113,"column":17},"end":{"line":113,"column":36}},"46":{"start":{"line":114,"column":2},"end":{"line":114,"column":19}},"47":{"start":{"line":105,"column":13},"end":{"line":105,"column":28}},"48":{"start":{"line":117,"column":27},"end":{"line":124,"column":1}},"49":{"start":{"line":118,"column":17},"end":{"line":118,"column":27}},"50":{"start":{"line":119,"column":2},"end":{"line":119,"column":45}},"51":{"start":{"line":120,"column":15},"end":{"line":120,"column":23}},"52":{"start":{"line":121,"column":16},"end":{"line":121,"column":70}},"53":{"start":{"line":122,"column":2},"end":{"line":122,"column":68}},"54":{"start":{"line":122,"column":14},"end":{"line":122,"column":68}},"55":{"start":{"line":123,"column":2},"end":{"line":123,"column":18}},"56":{"start":{"line":117,"column":13},"end":{"line":117,"column":27}},"57":{"start":{"line":126,"column":27},"end":{"line":130,"column":1}},"58":{"start":{"line":127,"column":17},"end":{"line":127,"column":27}},"59":{"start":{"line":128,"column":2},"end":{"line":128,"column":36}},"60":{"start":{"line":129,"column":2},"end":{"line":129,"column":24}},"61":{"start":{"line":126,"column":13},"end":{"line":126,"column":27}},"62":{"start":{"line":132,"column":29},"end":{"line":140,"column":1}},"63":{"start":{"line":133,"column":17},"end":{"line":133,"column":27}},"64":{"start":{"line":134,"column":16},"end":{"line":134,"column":40}},"65":{"start":{"line":135,"column":2},"end":{"line":135,"column":68}},"66":{"start":{"line":135,"column":14},"end":{"line":135,"column":68}},"67":{"start":{"line":136,"column":2},"end":{"line":136,"column":84}},"68":{"start":{"line":136,"column":27},"end":{"line":136,"column":84}},"69":{"start":{"line":137,"column":2},"end":{"line":137,"column":22}},"70":{"start":{"line":138,"column":2},"end":{"line":138,"column":21}},"71":{"start":{"line":139,"column":2},"end":{"line":139,"column":18}},"72":{"start":{"line":132,"column":13},"end":{"line":132,"column":29}},"73":{"start":{"line":142,"column":28},"end":{"line":151,"column":1}},"74":{"start":{"line":143,"column":17},"end":{"line":143,"column":27}},"75":{"start":{"line":144,"column":21},"end":{"line":144,"column":29}},"76":{"start":{"line":145,"column":14},"end":{"line":145,"column":33}},"77":{"start":{"line":146,"column":16},"end":{"line":146,"column":40}},"78":{"start":{"line":147,"column":2},"end":{"line":147,"column":68}},"79":{"start":{"line":147,"column":14},"end":{"line":147,"column":68}},"80":{"start":{"line":148,"column":2},"end":{"line":148,"column":24}},"81":{"start":{"line":149,"column":2},"end":{"line":149,"column":21}},"82":{"start":{"line":150,"column":2},"end":{"line":150,"column":18}},"83":{"start":{"line":142,"column":13},"end":{"line":142,"column":28}}},"fnMap":{"0":{"name":"(anonymous_1)","decl":{"start":{"line":9,"column":27},"end":{"line":9,"column":32}},"loc":{"start":{"line":9,"column":65},"end":{"line":55,"column":1}}},"1":{"name":"(anonymous_2)","decl":{"start":{"line":58,"column":26},"end":{"line":58,"column":31}},"loc":{"start":{"line":58,"column":68},"end":{"line":103,"column":1}}},"2":{"name":"(anonymous_3)","decl":{"start":{"line":105,"column":28},"end":{"line":105,"column":33}},"loc":{"start":{"line":105,"column":66},"end":{"line":115,"column":1}}},"3":{"name":"(anonymous_4)","decl":{"start":{"line":117,"column":27},"end":{"line":117,"column":32}},"loc":{"start":{"line":117,"column":65},"end":{"line":124,"column":1}}},"4":{"name":"(anonymous_5)","decl":{"start":{"line":126,"column":27},"end":{"line":126,"column":32}},"loc":{"start":{"line":126,"column":65},"end":{"line":130,"column":1}}},"5":{"name":"(anonymous_6)","decl":{"start":{"line":132,"column":29},"end":{"line":132,"column":34}},"loc":{"start":{"line":132,"column":67},"end":{"line":140,"column":1}}},"6":{"name":"(anonymous_7)","decl":{"start":{"line":142,"column":28},"end":{"line":142,"column":33}},"loc":{"start":{"line":142,"column":66},"end":{"line":151,"column":1}}}},"branchMap":{"0":{"loc":{"start":{"line":15,"column":4},"end":{"line":17,"column":5}},"type":"if","locations":[{"start":{"line":15,"column":4},"end":{"line":17,"column":5}}]},"1":{"loc":{"start":{"line":15,"column":8},"end":{"line":15,"column":43}},"type":"binary-expr","locations":[{"start":{"line":15,"column":8},"end":{"line":15,"column":13}},{"start":{"line":15,"column":17},"end":{"line":15,"column":26}},{"start":{"line":15,"column":30},"end":{"line":15,"column":43}}]},"2":{"loc":{"start":{"line":23,"column":4},"end":{"line":28,"column":5}},"type":"if","locations":[{"start":{"line":23,"column":4},"end":{"line":28,"column":5}},{"start":{"line":26,"column":11},"end":{"line":28,"column":5}}]},"3":{"loc":{"start":{"line":24,"column":45},"end":{"line":24,"column":79}},"type":"binary-expr","locations":[{"start":{"line":24,"column":45},"end":{"line":24,"column":67}},{"start":{"line":24,"column":71},"end":{"line":24,"column":79}}]},"4":{"loc":{"start":{"line":35,"column":16},"end":{"line":35,"column":29}},"type":"binary-expr","locations":[{"start":{"line":35,"column":16},"end":{"line":35,"column":24}},{"start":{"line":35,"column":28},"end":{"line":35,"column":29}}]},"5":{"loc":{"start":{"line":36,"column":16},"end":{"line":36,"column":30}},"type":"binary-expr","locations":[{"start":{"line":36,"column":16},"end":{"line":36,"column":24}},{"start":{"line":36,"column":28},"end":{"line":36,"column":30}}]},"6":{"loc":{"start":{"line":37,"column":19},"end":{"line":37,"column":36}},"type":"binary-expr","locations":[{"start":{"line":37,"column":19},"end":{"line":37,"column":30}},{"start":{"line":37,"column":34},"end":{"line":37,"column":36}}]},"7":{"loc":{"start":{"line":64,"column":4},"end":{"line":71,"column":5}},"type":"if","locations":[{"start":{"line":64,"column":4},"end":{"line":71,"column":5}}]},"8":{"loc":{"start":{"line":108,"column":2},"end":{"line":108,"column":53}},"type":"if","locations":[{"start":{"line":108,"column":2},"end":{"line":108,"column":53}}]},"9":{"loc":{"start":{"line":109,"column":2},"end":{"line":109,"column":38}},"type":"if","locations":[{"start":{"line":109,"column":2},"end":{"line":109,"column":38}}]},"10":{"loc":{"start":{"line":110,"column":2},"end":{"line":110,"column":41}},"type":"if","locations":[{"start":{"line":110,"column":2},"end":{"line":110,"column":41}}]},"11":{"loc":{"start":{"line":110,"column":6},"end":{"line":110,"column":26}},"type":"binary-expr","locations":[{"start":{"line":110,"column":6},"end":{"line":110,"column":14}},{"start":{"line":110,"column":18},"end":{"line":110,"column":26}}]},"12":{"loc":{"start":{"line":111,"column":2},"end":{"line":111,"column":48}},"type":"if","locations":[{"start":{"line":111,"column":2},"end":{"line":111,"column":48}}]},"13":{"loc":{"start":{"line":112,"column":2},"end":{"line":112,"column":48}},"type":"if","locations":[{"start":{"line":112,"column":2},"end":{"line":112,"column":48}}]},"14":{"loc":{"start":{"line":122,"column":2},"end":{"line":122,"column":68}},"type":"if","locations":[{"start":{"line":122,"column":2},"end":{"line":122,"column":68}}]},"15":{"loc":{"start":{"line":135,"column":2},"end":{"line":135,"column":68}},"type":"if","locations":[{"start":{"line":135,"column":2},"end":{"line":135,"column":68}}]},"16":{"loc":{"start":{"line":136,"column":2},"end":{"line":136,"column":84}},"type":"if","locations":[{"start":{"line":136,"column":2},"end":{"line":136,"column":84}}]},"17":{"loc":{"start":{"line":145,"column":14},"end":{"line":145,"column":33}},"type":"binary-expr","locations":[{"start":{"line":145,"column":14},"end":{"line":145,"column":28}},{"start":{"line":145,"column":32},"end":{"line":145,"column":33}}]},"18":{"loc":{"start":{"line":147,"column":2},"end":{"line":147,"column":68}},"type":"if","locations":[{"start":{"line":147,"column":2},"end":{"line":147,"column":68}}]}},"s":{"0":4,"1":4,"2":4,"3":0,"4":0,"5":0,"6":0,"7":0,"8":0,"9":0,"10":0,"11":0,"12":0,"13":0,"14":0,"15":0,"16":0,"17":0,"18":4,"19":4,"20":1,"21":1,"22":1,"23":1,"24":0,"25":0,"26":1,"27":1,"28":1,"29":0,"30":0,"31":4,"32":4,"33":0,"34":0,"35":0,"36":0,"37":0,"38":0,"39":0,"40":0,"41":0,"42":0,"43":0,"44":0,"45":0,"46":0,"47":4,"48":4,"49":0,"50":0,"51":0,"52":0,"53":0,"54":0,"55":0,"56":4,"57":4,"58":0,"59":0,"60":0,"61":4,"62":4,"63":0,"64":0,"65":0,"66":0,"67":0,"68":0,"69":0,"70":0,"71":0,"72":4,"73":4,"74":0,"75":0,"76":0,"77":0,"78":0,"79":0,"80":0,"81":0,"82":0,"83":4},"f":{"0":0,"1":1,"2":0,"3":0,"4":0,"5":0,"6":0},"b":{"0":[0],"1":[0,0,0],"2":[0,0],"3":[0,0],"4":[0,0],"5":[0,0],"6":[0,0],"7":[0],"8":[0],"9":[0],"10":[0],"11":[0,0],"12":[0],"13":[0],"14":[0],"15":[0],"16":[0],"17":[0,0],"18":[0]}}
,"/Users/prakashsingh/Documents/Sweets/Backend/src/middleware/auth.ts": {"path":"/Users/prakashsingh/Documents/Sweets/Backend/src/middleware/auth.ts","statementMap":{"0":{"start":{"line":2,"column":0},"end":{"line":2,"column":31}},"1":{"start":{"line":8,"column":28},"end":{"line":27,"column":1}},"2":{"start":{"line":9,"column":2},"end":{"line":26,"column":3}},"3":{"start":{"line":10,"column":16},"end":{"line":10,"column":20}},"4":{"start":{"line":11,"column":4},"end":{"line":11,"column":50}},"5":{"start":{"line":12,"column":4},"end":{"line":14,"column":5}},"6":{"start":{"line":13,"column":6},"end":{"line":13,"column":32}},"7":{"start":{"line":16,"column":4},"end":{"line":18,"column":5}},"8":{"start":{"line":17,"column":6},"end":{"line":17,"column":79}},"9":{"start":{"line":20,"column":20},"end":{"line":20,"column":73}},"10":{"start":{"line":21,"column":4},"end":{"line":21,"column":23}},"11":{"start":{"line":23,"column":4},"end":{"line":23,"column":11}},"12":{"start":{"line":25,"column":4},"end":{"line":25,"column":73}},"13":{"start":{"line":8,"column":13},"end":{"line":8,"column":28}},"14":{"start":{"line":30,"column":25},"end":{"line":48,"column":1}},"15":{"start":{"line":31,"column":2},"end":{"line":47,"column":4}},"16":{"start":{"line":32,"column":4},"end":{"line":32,"column":76}},"17":{"start":{"line":32,"column":19},"end":{"line":32,"column":76}},"18":{"start":{"line":34,"column":21},"end":{"line":34,"column":34}},"19":{"start":{"line":37,"column":4},"end":{"line":39,"column":5}},"20":{"start":{"line":38,"column":6},"end":{"line":38,"column":62}},"21":{"start":{"line":42,"column":4},"end":{"line":44,"column":5}},"22":{"start":{"line":43,"column":6},"end":{"line":43,"column":64}},"23":{"start":{"line":46,"column":4},"end":{"line":46,"column":11}},"24":{"start":{"line":30,"column":13},"end":{"line":30,"column":25}}},"fnMap":{"0":{"name":"(anonymous_1)","decl":{"start":{"line":8,"column":28},"end":{"line":8,"column":29}},"loc":{"start":{"line":8,"column":84},"end":{"line":27,"column":1}}},"1":{"name":"(anonymous_2)","decl":{"start":{"line":30,"column":25},"end":{"line":30,"column":26}},"loc":{"start":{"line":30,"column":52},"end":{"line":48,"column":1}}},"2":{"name":"(anonymous_3)","decl":{"start":{"line":31,"column":9},"end":{"line":31,"column":10}},"loc":{"start":{"line":31,"column":65},"end":{"line":47,"column":3}}}},"branchMap":{"0":{"loc":{"start":{"line":12,"column":4},"end":{"line":14,"column":5}},"type":"if","locations":[{"start":{"line":12,"column":4},"end":{"line":14,"column":5}}]},"1":{"loc":{"start":{"line":12,"column":8},"end":{"line":12,"column":38}},"type":"binary-expr","locations":[{"start":{"line":12,"column":8},"end":{"line":12,"column":14}},{"start":{"line":12,"column":18},"end":{"line":12,"column":36}}]},"2":{"loc":{"start":{"line":12,"column":18},"end":{"line":12,"column":36}},"type":"cond-expr","locations":[{"start":{"line":12,"column":29},"end":{"line":12,"column":31}},{"start":{"line":12,"column":29},"end":{"line":12,"column":36}}]},"3":{"loc":{"start":{"line":12,"column":18},"end":{"line":12,"column":31}},"type":"binary-expr","locations":[{"start":{"line":12,"column":18},"end":{"line":12,"column":31}},{"start":{"line":12,"column":29},"end":{"line":12,"column":31}}]},"4":{"loc":{"start":{"line":16,"column":4},"end":{"line":18,"column":5}},"type":"if","locations":[{"start":{"line":16,"column":4},"end":{"line":18,"column":5}}]},"5":{"loc":{"start":{"line":20,"column":38},"end":{"line":20,"column":72}},"type":"binary-expr","locations":[{"start":{"line":20,"column":38},"end":{"line":20,"column":60}},{"start":{"line":20,"column":64},"end":{"line":20,"column":72}}]},"6":{"loc":{"start":{"line":32,"column":4},"end":{"line":32,"column":76}},"type":"if","locations":[{"start":{"line":32,"column":4},"end":{"line":32,"column":76}}]},"7":{"loc":{"start":{"line":37,"column":4},"end":{"line":39,"column":5}},"type":"if","locations":[{"start":{"line":37,"column":4},"end":{"line":39,"column":5}}]},"8":{"loc":{"start":{"line":37,"column":8},"end":{"line":37,"column":48}},"type":"binary-expr","locations":[{"start":{"line":37,"column":8},"end":{"line":37,"column":24}},{"start":{"line":37,"column":28},"end":{"line":37,"column":48}}]},"9":{"loc":{"start":{"line":42,"column":4},"end":{"line":44,"column":5}},"type":"if","locations":[{"start":{"line":42,"column":4},"end":{"line":44,"column":5}}]},"10":{"loc":{"start":{"line":42,"column":8},"end":{"line":42,"column":64}},"type":"binary-expr","locations":[{"start":{"line":42,"column":8},"end":{"line":42,"column":23}},{"start":{"line":42,"column":27},"end":{"line":42,"column":64}}]}},"s":{"0":4,"1":4,"2":7,"3":7,"4":7,"5":7,"6":7,"7":7,"8":0,"9":7,"10":7,"11":7,"12":0,"13":4,"14":4,"15":20,"16":0,"17":0,"18":0,"19":0,"20":0,"21":0,"22":0,"23":0,"24":4},"f":{"0":7,"1":20,"2":0},"b":{"0":[7],"1":[7,7],"2":[0,7],"3":[7,7],"4":[0],"5":[7,0],"6":[0],"7":[0],"8":[0,0],"9":[0],"10":[0,0]}}
,"/Users/prakashsingh/Documents/Sweets/Backend/src/models/Cart.ts": {"path":"/Users/prakashsingh/Documents/Sweets/Backend/src/models/Cart.ts","statementMap":{"0":{"start":{"line":1,"column":0},"end":{"line":1,"column":46}},"1":{"start":{"line":13,"column":19},"end":{"line":40,"column":null}},"2":{"start":{"line":43,"column":0},"end":{"line":43,"column":52}}},"fnMap":{},"branchMap":{},"s":{"0":4,"1":4,"2":4},"f":{},"b":{}}
,"/Users/prakashsingh/Documents/Sweets/Backend/src/models/Order.ts": {"path":"/Users/prakashsingh/Documents/Sweets/Backend/src/models/Order.ts","statementMap":{"0":{"start":{"line":1,"column":0},"end":{"line":1,"column":48}},"1":{"start":{"line":16,"column":20},"end":{"line":66,"column":null}},"2":{"start":{"line":69,"column":0},"end":{"line":69,"column":55}}},"fnMap":{},"branchMap":{},"s":{"0":4,"1":4,"2":4},"f":{},"b":{}}
,"/Users/prakashsingh/Documents/Sweets/Backend/src/models/Sweet.ts": {"path":"/Users/prakashsingh/Documents/Sweets/Backend/src/models/Sweet.ts","statementMap":{"0":{"start":{"line":1,"column":0},"end":{"line":1,"column":48}},"1":{"start":{"line":13,"column":20},"end":{"line":21,"column":2}},"2":{"start":{"line":23,"column":0},"end":{"line":23,"column":51}}},"fnMap":{},"branchMap":{},"s":{"0":4,"1":4,"2":4},"f":{},"b":{}}
,"/Users/prakashsingh/Documents/Sweets/Backend/src/models/User.ts": {"path":"/Users/prakashsingh/Documents/Sweets/Backend/src/models/User.ts","statementMap":{"0":{"start":{"line":1,"column":0},"end":{"line":1,"column":41}},"1":{"start":{"line":9,"column":19},"end":{"line":13,"column":2}},"2":{"start":{"line":15,"column":0},"end":{"line":15,"column":48}}},"fnMap":{},"branchMap":{},"s":{"0":4,"1":4,"2":4},"f":{},"b":{}}
,"/Users/prakashsingh/Documents/Sweets/Backend/src/routes/auth.ts": {"path":"/Users/prakashsingh/Documents/Sweets/Backend/src/routes/auth.ts","statementMap":{"0":{"start":{"line":1,"column":0},"end":{"line":1,"column":33}},"1":{"start":{"line":2,"column":0},"end":{"line":2,"column":149}},"2":{"start":{"line":3,"column":0},"end":{"line":3,"column":61}},"3":{"start":{"line":5,"column":15},"end":{"line":5,"column":23}},"4":{"start":{"line":7,"column":0},"end":{"line":7,"column":45}},"5":{"start":{"line":8,"column":0},"end":{"line":8,"column":39}},"6":{"start":{"line":9,"column":0},"end":{"line":9,"column":54}},"7":{"start":{"line":10,"column":0},"end":{"line":10,"column":40}},"8":{"start":{"line":11,"column":0},"end":{"line":11,"column":47}},"9":{"start":{"line":12,"column":0},"end":{"line":12,"column":54}},"10":{"start":{"line":13,"column":0},"end":{"line":13,"column":44}},"11":{"start":{"line":15,"column":0},"end":{"line":15,"column":22}}},"fnMap":{},"branchMap":{},"s":{"0":4,"1":4,"2":4,"3":4,"4":4,"5":4,"6":4,"7":4,"8":4,"9":4,"10":4,"11":4},"f":{},"b":{}}
,"/Users/prakashsingh/Documents/Sweets/Backend/src/routes/orders.ts": {"path":"/Users/prakashsingh/Documents/Sweets/Backend/src/routes/orders.ts","statementMap":{"0":{"start":{"line":1,"column":0},"end":{"line":1,"column":33}},"1":{"start":{"line":2,"column":0},"end":{"line":2,"column":76}},"2":{"start":{"line":3,"column":0},"end":{"line":3,"column":61}},"3":{"start":{"line":5,"column":15},"end":{"line":5,"column":23}},"4":{"start":{"line":8,"column":0},"end":{"line":8,"column":48}},"5":{"start":{"line":11,"column":0},"end":{"line":11,"column":41}},"6":{"start":{"line":14,"column":0},"end":{"line":14,"column":67}},"7":{"start":{"line":16,"column":0},"end":{"line":16,"column":22}}},"fnMap":{},"branchMap":{},"s":{"0":4,"1":4,"2":4,"3":4,"4":4,"5":4,"6":4,"7":4},"f":{},"b":{}}
,"/Users/prakashsingh/Documents/Sweets/Backend/src/routes/sweets.ts": {"path":"/Users/prakashsingh/Documents/Sweets/Backend/src/routes/sweets.ts","statementMap":{"0":{"start":{"line":1,"column":0},"end":{"line":1,"column":33}},"1":{"start":{"line":2,"column":0},"end":{"line":2,"column":52}},"2":{"start":{"line":3,"column":0},"end":{"line":3,"column":61}},"3":{"start":{"line":5,"column":15},"end":{"line":5,"column":23}},"4":{"start":{"line":7,"column":0},"end":{"line":7,"column":52}},"5":{"start":{"line":9,"column":0},"end":{"line":9,"column":47}},"6":{"start":{"line":10,"column":0},"end":{"line":10,"column":75}},"7":{"start":{"line":11,"column":0},"end":{"line":11,"column":77}},"8":{"start":{"line":12,"column":0},"end":{"line":12,"column":80}},"9":{"start":{"line":13,"column":0},"end":{"line":13,"column":69}},"10":{"start":{"line":14,"column":0},"end":{"line":14,"column":87}},"11":{"start":{"line":16,"column":0},"end":{"line":16,"column":22}}},"fnMap":{},"branchMap":{},"s":{"0":4,"1":4,"2":4,"3":4,"4":4,"5":4,"6":4,"7":4,"8":4,"9":4,"10":4,"11":4},"f":{},"b":{}}
}
