TN:
SF:src/app.ts
FN:24,(anonymous_1)
FNF:1
FNH:0
FNDA:0,(anonymous_1)
DA:1,4
DA:2,4
DA:3,4
DA:4,4
DA:5,4
DA:6,4
DA:7,4
DA:10,4
DA:11,4
DA:13,4
DA:17,4
DA:18,4
DA:20,4
DA:21,4
DA:22,4
DA:24,4
DA:25,0
DA:29,4
LF:18
LH:17
BRDA:25,0,0,0
BRDA:25,0,1,0
BRF:2
BRH:0
end_of_record
TN:
SF:src/controllers/auth.ts
FN:11,(anonymous_1)
FN:46,(anonymous_2)
FN:92,(anonymous_3)
FN:110,(anonymous_4)
FN:121,(anonymous_5)
FN:156,(anonymous_6)
FN:179,(anonymous_7)
FN:188,(anonymous_8)
FN:255,(anonymous_9)
FNF:9
FNH:4
FNDA:4,(anonymous_1)
FNDA:3,(anonymous_2)
FNDA:0,(anonymous_3)
FNDA:0,(anonymous_4)
FNDA:2,(anonymous_5)
FNDA:0,(anonymous_6)
FNDA:0,(anonymous_7)
FNDA:0,(anonymous_8)
FNDA:1,(anonymous_9)
DA:2,4
DA:3,4
DA:4,4
DA:5,4
DA:6,4
DA:9,4
DA:11,4
DA:12,4
DA:13,4
DA:15,4
DA:16,1
DA:18,3
DA:19,3
DA:20,0
DA:22,3
DA:24,3
DA:29,3
DA:31,3
DA:41,0
DA:42,0
DA:46,4
DA:47,3
DA:48,3
DA:49,3
DA:51,3
DA:52,0
DA:54,3
DA:55,3
DA:56,0
DA:58,3
DA:59,3
DA:60,0
DA:62,3
DA:69,3
DA:76,3
DA:87,0
DA:88,0
DA:92,4
DA:93,0
DA:95,0
DA:96,0
DA:98,0
DA:99,0
DA:101,0
DA:106,0
DA:110,4
DA:111,0
DA:118,0
DA:121,4
DA:122,2
DA:123,2
DA:124,2
DA:126,2
DA:127,0
DA:131,2
DA:136,2
DA:137,0
DA:140,2
DA:141,2
DA:144,2
DA:145,2
DA:147,2
DA:149,2
DA:150,2
DA:155,0
DA:156,0
DA:159,0
DA:160,0
DA:162,0
DA:166,2
DA:168,2
DA:175,0
DA:179,4
DA:180,0
DA:181,0
DA:182,0
DA:184,0
DA:185,0
DA:187,0
DA:188,0
DA:190,0
DA:192,0
DA:194,0
DA:195,0
DA:200,0
DA:202,0
DA:203,0
DA:206,0
DA:207,0
DA:209,0
DA:220,0
DA:223,0
DA:224,0
DA:225,0
DA:227,0
DA:231,0
DA:232,0
DA:235,0
DA:238,0
DA:239,0
DA:241,0
DA:248,0
DA:255,4
DA:256,1
DA:257,1
DA:259,1
DA:260,1
DA:261,0
DA:264,1
DA:270,0
LF:110
LH:54
BRDA:15,0,0,1
BRDA:15,1,0,4
BRDA:15,1,1,3
BRDA:19,2,0,0
BRDA:51,3,0,0
BRDA:51,4,0,3
BRDA:51,4,1,3
BRDA:55,5,0,0
BRDA:59,6,0,0
BRDA:99,7,0,0
BRDA:126,8,0,0
BRDA:126,9,0,2
BRDA:126,9,1,2
BRDA:136,10,0,0
BRDA:149,11,0,2
BRDA:149,11,1,0
BRDA:159,12,0,0
BRDA:159,12,1,0
BRDA:185,13,0,0
BRDA:190,14,0,0
BRDA:195,15,0,0
BRDA:200,16,0,0
BRDA:223,17,0,0
BRDA:224,18,0,0
BRDA:231,19,0,0
BRDA:260,20,0,0
BRF:26
BRH:8
end_of_record
TN:
SF:src/controllers/orders.ts
FN:7,(anonymous_1)
FN:16,(anonymous_2)
FN:22,(anonymous_3)
FN:45,(anonymous_4)
FN:73,(anonymous_5)
FNF:5
FNH:4
FNDA:2,(anonymous_1)
FNDA:2,(anonymous_2)
FNDA:2,(anonymous_3)
FNDA:1,(anonymous_4)
FNDA:0,(anonymous_5)
DA:2,4
DA:3,4
DA:7,4
DA:8,2
DA:9,2
DA:11,2
DA:12,2
DA:13,0
DA:16,2
DA:22,2
DA:24,2
DA:34,2
DA:35,2
DA:37,2
DA:39,0
DA:40,0
DA:45,4
DA:46,1
DA:47,1
DA:48,1
DA:50,1
DA:52,1
DA:53,0
DA:54,0
DA:55,0
DA:57,0
DA:58,0
DA:59,0
DA:63,1
DA:65,1
DA:67,0
DA:68,0
DA:73,4
DA:74,0
DA:75,0
DA:76,0
DA:77,0
DA:78,0
DA:79,0
DA:80,0
DA:81,0
DA:82,0
DA:83,0
DA:87,0
DA:88,0
DA:90,0
DA:91,0
LF:47
LH:22
BRDA:12,0,0,0
BRDA:12,1,0,2
BRDA:12,1,1,2
BRDA:12,1,2,2
BRDA:16,2,0,2
BRDA:16,2,1,0
BRDA:29,3,0,2
BRDA:29,3,1,1
BRDA:30,4,0,2
BRDA:30,4,1,2
BRDA:52,5,0,0
BRDA:52,6,0,1
BRDA:52,6,1,1
BRDA:54,7,0,0
BRDA:55,8,0,0
BRDA:77,9,0,0
BRDA:77,10,0,0
BRDA:77,10,1,0
BRDA:79,11,0,0
BRDA:80,12,0,0
BRF:20
BRH:10
end_of_record
TN:
SF:src/controllers/sweets.ts
FN:9,(anonymous_1)
FN:58,(anonymous_2)
FN:105,(anonymous_3)
FN:117,(anonymous_4)
FN:126,(anonymous_5)
FN:132,(anonymous_6)
FN:142,(anonymous_7)
FNF:7
FNH:1
FNDA:0,(anonymous_1)
FNDA:1,(anonymous_2)
FNDA:0,(anonymous_3)
FNDA:0,(anonymous_4)
FNDA:0,(anonymous_5)
FNDA:0,(anonymous_6)
FNDA:0,(anonymous_7)
DA:2,4
DA:3,4
DA:9,4
DA:10,0
DA:11,0
DA:12,0
DA:15,0
DA:16,0
DA:22,0
DA:23,0
DA:24,0
DA:25,0
DA:27,0
DA:31,0
DA:42,0
DA:44,0
DA:49,0
DA:50,0
DA:58,4
DA:59,1
DA:60,1
DA:61,1
DA:64,1
DA:65,0
DA:66,0
DA:74,1
DA:88,1
DA:90,1
DA:97,0
DA:98,0
DA:105,4
DA:106,0
DA:107,0
DA:108,0
DA:109,0
DA:110,0
DA:111,0
DA:112,0
DA:113,0
DA:114,0
DA:117,4
DA:118,0
DA:119,0
DA:120,0
DA:121,0
DA:122,0
DA:123,0
DA:126,4
DA:127,0
DA:128,0
DA:129,0
DA:132,4
DA:133,0
DA:134,0
DA:135,0
DA:136,0
DA:137,0
DA:138,0
DA:139,0
DA:142,4
DA:143,0
DA:144,0
DA:145,0
DA:146,0
DA:147,0
DA:148,0
DA:149,0
DA:150,0
LF:68
LH:16
BRDA:15,0,0,0
BRDA:15,1,0,0
BRDA:15,1,1,0
BRDA:15,1,2,0
BRDA:23,2,0,0
BRDA:23,2,1,0
BRDA:24,3,0,0
BRDA:24,3,1,0
BRDA:35,4,0,0
BRDA:35,4,1,0
BRDA:36,5,0,0
BRDA:36,5,1,0
BRDA:37,6,0,0
BRDA:37,6,1,0
BRDA:64,7,0,0
BRDA:108,8,0,0
BRDA:109,9,0,0
BRDA:110,10,0,0
BRDA:110,11,0,0
BRDA:110,11,1,0
BRDA:111,12,0,0
BRDA:112,13,0,0
BRDA:122,14,0,0
BRDA:135,15,0,0
BRDA:136,16,0,0
BRDA:145,17,0,0
BRDA:145,17,1,0
BRDA:147,18,0,0
BRF:28
BRH:0
end_of_record
TN:
SF:src/middleware/auth.ts
FN:8,(anonymous_1)
FN:30,(anonymous_2)
FN:31,(anonymous_3)
FNF:3
FNH:2
FNDA:7,(anonymous_1)
FNDA:20,(anonymous_2)
FNDA:0,(anonymous_3)
DA:2,4
DA:8,4
DA:9,7
DA:10,7
DA:11,7
DA:12,7
DA:13,7
DA:16,7
DA:17,0
DA:20,7
DA:21,7
DA:23,7
DA:25,0
DA:30,4
DA:31,20
DA:32,0
DA:34,0
DA:37,0
DA:38,0
DA:42,0
DA:43,0
DA:46,0
LF:22
LH:13
BRDA:12,0,0,7
BRDA:12,1,0,7
BRDA:12,1,1,7
BRDA:12,2,0,0
BRDA:12,2,1,7
BRDA:12,3,0,7
BRDA:12,3,1,7
BRDA:16,4,0,0
BRDA:20,5,0,7
BRDA:20,5,1,0
BRDA:32,6,0,0
BRDA:37,7,0,0
BRDA:37,8,0,0
BRDA:37,8,1,0
BRDA:42,9,0,0
BRDA:42,10,0,0
BRDA:42,10,1,0
BRF:17
BRH:7
end_of_record
TN:
SF:src/models/Cart.ts
FNF:0
FNH:0
DA:1,4
DA:13,4
DA:43,4
LF:3
LH:3
BRF:0
BRH:0
end_of_record
TN:
SF:src/models/Order.ts
FNF:0
FNH:0
DA:1,4
DA:16,4
DA:69,4
LF:3
LH:3
BRF:0
BRH:0
end_of_record
TN:
SF:src/models/Sweet.ts
FNF:0
FNH:0
DA:1,4
DA:13,4
DA:23,4
LF:3
LH:3
BRF:0
BRH:0
end_of_record
TN:
SF:src/models/User.ts
FNF:0
FNH:0
DA:1,4
DA:9,4
DA:15,4
LF:3
LH:3
BRF:0
BRH:0
end_of_record
TN:
SF:src/routes/auth.ts
FNF:0
FNH:0
DA:1,4
DA:2,4
DA:3,4
DA:5,4
DA:7,4
DA:8,4
DA:9,4
DA:10,4
DA:11,4
DA:12,4
DA:13,4
DA:15,4
LF:12
LH:12
BRF:0
BRH:0
end_of_record
TN:
SF:src/routes/orders.ts
FNF:0
FNH:0
DA:1,4
DA:2,4
DA:3,4
DA:5,4
DA:8,4
DA:11,4
DA:14,4
DA:16,4
LF:8
LH:8
BRF:0
BRH:0
end_of_record
TN:
SF:src/routes/sweets.ts
FNF:0
FNH:0
DA:1,4
DA:2,4
DA:3,4
DA:5,4
DA:7,4
DA:9,4
DA:10,4
DA:11,4
DA:12,4
DA:13,4
DA:14,4
DA:16,4
LF:12
LH:12
BRF:0
BRH:0
end_of_record
